{"total": {"lines":{"total":248,"covered":248,"skipped":0,"pct":100},"statements":{"total":261,"covered":260,"skipped":0,"pct":99.61},"functions":{"total":33,"covered":33,"skipped":0,"pct":100},"branches":{"total":246,"covered":215,"skipped":0,"pct":87.39},"branchesTrue":{"total":0,"covered":0,"skipped":0,"pct":100}}
,"C:\\Users\\ajlac\\Desktop\\NRS-Grupa2\\Projekat\\app\\api\\admin\\users\\route.ts": {"lines":{"total":115,"covered":115,"skipped":0,"pct":100},"functions":{"total":12,"covered":12,"skipped":0,"pct":100},"statements":{"total":121,"covered":120,"skipped":0,"pct":99.17},"branches":{"total":141,"covered":122,"skipped":0,"pct":86.52}}
,"C:\\Users\\ajlac\\Desktop\\NRS-Grupa2\\Projekat\\app\\api\\auth\\uloge\\route.ts": {"lines":{"total":32,"covered":32,"skipped":0,"pct":100},"functions":{"total":2,"covered":2,"skipped":0,"pct":100},"statements":{"total":32,"covered":32,"skipped":0,"pct":100},"branches":{"total":29,"covered":26,"skipped":0,"pct":89.65}}
,"C:\\Users\\ajlac\\Desktop\\NRS-Grupa2\\Projekat\\lib\\validations\\authValidation.ts": {"lines":{"total":11,"covered":11,"skipped":0,"pct":100},"functions":{"total":7,"covered":7,"skipped":0,"pct":100},"statements":{"total":11,"covered":11,"skipped":0,"pct":100},"branches":{"total":0,"covered":0,"skipped":0,"pct":100}}
,"C:\\Users\\ajlac\\Desktop\\NRS-Grupa2\\Projekat\\services\\auth\\authService.ts": {"lines":{"total":90,"covered":90,"skipped":0,"pct":100},"functions":{"total":12,"covered":12,"skipped":0,"pct":100},"statements":{"total":97,"covered":97,"skipped":0,"pct":100},"branches":{"total":76,"covered":67,"skipped":0,"pct":88.15}}
}
